{"D:\\Development\\csgo-discord-bot\\src\\commands\\live\\Live.ts": {"path":"D:\\Development\\csgo-discord-bot\\src\\commands\\live\\Live.ts","statementMap":{"0":{"start":{"line":2,"column":0},"end":{"line":2,"column":39}},"1":{"start":{"line":4,"column":0},"end":{"line":4,"column":28}},"2":{"start":{"line":9,"column":19},"end":{"line":9,"column":22}},"3":{"start":{"line":10,"column":21},"end":{"line":10,"column":25}},"4":{"start":{"line":12,"column":26},"end":{"line":12,"column":42}},"5":{"start":{"line":13,"column":17},"end":{"line":13,"column":40}},"6":{"start":{"line":14,"column":35},"end":{"line":14,"column":78}},"7":{"start":{"line":16,"column":18},"end":{"line":16,"column":20}},"8":{"start":{"line":18,"column":16},"end":{"line":18,"column":23}},"9":{"start":{"line":20,"column":13},"end":{"line":38,"column":null}},"10":{"start":{"line":20,"column":53},"end":{"line":38,"column":null}},"11":{"start":{"line":21,"column":21},"end":{"line":21,"column":43}},"12":{"start":{"line":23,"column":16},"end":{"line":35,"column":3}},"13":{"start":{"line":24,"column":16},"end":{"line":28,"column":94}},"14":{"start":{"line":30,"column":2},"end":{"line":30,"column":53}},"15":{"start":{"line":31,"column":2},"end":{"line":31,"column":62}},"16":{"start":{"line":32,"column":2},"end":{"line":32,"column":28}},"17":{"start":{"line":34,"column":2},"end":{"line":34,"column":15}},"18":{"start":{"line":37,"column":1},"end":{"line":37,"column":21}},"19":{"start":{"line":40,"column":15},"end":{"line":48,"column":1}},"20":{"start":{"line":41,"column":19},"end":{"line":41,"column":65}},"21":{"start":{"line":42,"column":19},"end":{"line":42,"column":65}},"22":{"start":{"line":44,"column":16},"end":{"line":44,"column":86}},"23":{"start":{"line":45,"column":16},"end":{"line":45,"column":46}},"24":{"start":{"line":47,"column":1},"end":{"line":47,"column":null}},"25":{"start":{"line":50,"column":20},"end":{"line":61,"column":1}},"26":{"start":{"line":51,"column":22},"end":{"line":53,"column":6}},"27":{"start":{"line":56,"column":2},"end":{"line":58,"column":18}},"28":{"start":{"line":60,"column":1},"end":{"line":60,"column":20}},"29":{"start":{"line":63,"column":13},"end":{"line":65,"column":1}},"30":{"start":{"line":64,"column":1},"end":{"line":64,"column":94}},"31":{"start":{"line":64,"column":40},"end":{"line":64,"column":88}},"32":{"start":{"line":67,"column":16},"end":{"line":90,"column":1}},"33":{"start":{"line":68,"column":32},"end":{"line":68,"column":34}},"34":{"start":{"line":69,"column":22},"end":{"line":69,"column":27}},"35":{"start":{"line":70,"column":24},"end":{"line":70,"column":68}},"36":{"start":{"line":71,"column":32},"end":{"line":71,"column":50}},"37":{"start":{"line":74,"column":2},"end":{"line":74,"column":32}},"38":{"start":{"line":77,"column":1},"end":{"line":89,"column":null}},"39":{"start":{"line":80,"column":16},"end":{"line":80,"column":102}},"40":{"start":{"line":82,"column":20},"end":{"line":82,"column":31}},"41":{"start":{"line":85,"column":4},"end":{"line":85,"column":68}},"42":{"start":{"line":88,"column":3},"end":{"line":88,"column":59}},"43":{"start":{"line":92,"column":23},"end":{"line":103,"column":null}},"44":{"start":{"line":92,"column":57},"end":{"line":103,"column":null}},"45":{"start":{"line":93,"column":17},"end":{"line":93,"column":40}},"46":{"start":{"line":94,"column":21},"end":{"line":100,"column":5}},"47":{"start":{"line":95,"column":21},"end":{"line":95,"column":31}},"48":{"start":{"line":96,"column":23},"end":{"line":100,"column":4}},"49":{"start":{"line":97,"column":21},"end":{"line":97,"column":58}},"50":{"start":{"line":99,"column":3},"end":{"line":99,"column":47}},"51":{"start":{"line":102,"column":1},"end":{"line":102,"column":20}}},"fnMap":{"0":{"name":"(anonymous_6)","decl":{"start":{"line":20,"column":20},"end":{"line":20,"column":51}},"loc":{"start":{"line":20,"column":53},"end":{"line":38,"column":null}}},"1":{"name":"(anonymous_7)","decl":{"start":{"line":20,"column":53},"end":{"line":20,"column":null}},"loc":{"start":{"line":20,"column":53},"end":{"line":38,"column":1}}},"2":{"name":"(anonymous_8)","decl":{"start":{"line":23,"column":32},"end":{"line":23,"column":33}},"loc":{"start":{"line":23,"column":46},"end":{"line":35,"column":2}}},"3":{"name":"(anonymous_9)","decl":{"start":{"line":40,"column":15},"end":{"line":40,"column":16}},"loc":{"start":{"line":40,"column":45},"end":{"line":48,"column":1}}},"4":{"name":"(anonymous_10)","decl":{"start":{"line":50,"column":20},"end":{"line":50,"column":21}},"loc":{"start":{"line":50,"column":50},"end":{"line":61,"column":1}}},"5":{"name":"(anonymous_11)","decl":{"start":{"line":63,"column":13},"end":{"line":63,"column":14}},"loc":{"start":{"line":63,"column":48},"end":{"line":65,"column":1}}},"6":{"name":"(anonymous_12)","decl":{"start":{"line":64,"column":25},"end":{"line":64,"column":26}},"loc":{"start":{"line":64,"column":40},"end":{"line":64,"column":88}}},"7":{"name":"(anonymous_13)","decl":{"start":{"line":67,"column":16},"end":{"line":67,"column":17}},"loc":{"start":{"line":67,"column":51},"end":{"line":90,"column":1}}},"8":{"name":"(anonymous_14)","decl":{"start":{"line":78,"column":10},"end":{"line":78,"column":11}},"loc":{"start":{"line":78,"column":34},"end":{"line":89,"column":3}}},"9":{"name":"(anonymous_15)","decl":{"start":{"line":92,"column":23},"end":{"line":92,"column":55}},"loc":{"start":{"line":92,"column":57},"end":{"line":103,"column":null}}},"10":{"name":"(anonymous_16)","decl":{"start":{"line":92,"column":57},"end":{"line":92,"column":null}},"loc":{"start":{"line":92,"column":57},"end":{"line":103,"column":1}}},"11":{"name":"(anonymous_17)","decl":{"start":{"line":95,"column":10},"end":{"line":95,"column":11}},"loc":{"start":{"line":95,"column":21},"end":{"line":95,"column":31}}},"12":{"name":"(anonymous_18)","decl":{"start":{"line":96,"column":7},"end":{"line":96,"column":14}},"loc":{"start":{"line":96,"column":23},"end":{"line":100,"column":4}}},"13":{"name":"(anonymous_19)","decl":{"start":{"line":96,"column":23},"end":{"line":96,"column":null}},"loc":{"start":{"line":96,"column":23},"end":{"line":100,"column":3}}}},"branchMap":{"0":{"loc":{"start":{"line":37,"column":8},"end":{"line":37,"column":14}},"type":"binary-expr","locations":[{"start":{"line":37,"column":8},"end":{"line":37,"column":14}},{"start":{"line":37,"column":18},"end":{"line":37,"column":20}}]},"1":{"loc":{"start":{"line":41,"column":20},"end":{"line":41,"column":31}},"type":"binary-expr","locations":[{"start":{"line":41,"column":20},"end":{"line":41,"column":31}},{"start":{"line":41,"column":35},"end":{"line":41,"column":51}},{"start":{"line":41,"column":56},"end":{"line":41,"column":65}}]},"2":{"loc":{"start":{"line":42,"column":20},"end":{"line":42,"column":31}},"type":"binary-expr","locations":[{"start":{"line":42,"column":20},"end":{"line":42,"column":31}},{"start":{"line":42,"column":35},"end":{"line":42,"column":51}},{"start":{"line":42,"column":56},"end":{"line":42,"column":65}}]},"3":{"loc":{"start":{"line":44,"column":63},"end":{"line":44,"column":81}},"type":"cond-expr","locations":[{"start":{"line":44,"column":63},"end":{"line":44,"column":81}},{"start":{"line":44,"column":84},"end":{"line":44,"column":86}}]},"4":{"loc":{"start":{"line":52,"column":2},"end":{"line":52,"column":50}},"type":"cond-expr","locations":[{"start":{"line":52,"column":2},"end":{"line":52,"column":50}},{"start":{"line":53,"column":2},"end":{"line":53,"column":6}}]},"5":{"loc":{"start":{"line":56,"column":11},"end":{"line":56,"column":22}},"type":"binary-expr","locations":[{"start":{"line":56,"column":11},"end":{"line":56,"column":22}},{"start":{"line":56,"column":26},"end":{"line":56,"column":42}}]},"6":{"loc":{"start":{"line":80,"column":60},"end":{"line":80,"column":71}},"type":"cond-expr","locations":[{"start":{"line":80,"column":60},"end":{"line":80,"column":71}},{"start":{"line":80,"column":74},"end":{"line":80,"column":102}}]}},"s":{"0":1,"1":1,"2":1,"3":1,"4":1,"5":1,"6":1,"7":1,"8":1,"9":1,"10":4,"11":4,"12":4,"13":6,"14":6,"15":6,"16":6,"17":6,"18":4,"19":1,"20":6,"21":6,"22":6,"23":6,"24":6,"25":1,"26":6,"27":6,"28":6,"29":1,"30":6,"31":8,"32":1,"33":6,"34":6,"35":6,"36":6,"37":6,"38":0,"39":0,"40":0,"41":0,"42":0,"43":1,"44":4,"45":4,"46":4,"47":6,"48":6,"49":6,"50":6,"51":4},"f":{"0":4,"1":4,"2":6,"3":6,"4":6,"5":6,"6":8,"7":6,"8":0,"9":4,"10":4,"11":6,"12":6,"13":6},"b":{"0":[4,0],"1":[6,6,0],"2":[6,6,0],"3":[3,3],"4":[6,0],"5":[6,6],"6":[0,0]}}
}
