{"D:\\Development\\csgo-discord-bot\\src\\commands\\live\\Live.ts": {"path":"D:\\Development\\csgo-discord-bot\\src\\commands\\live\\Live.ts","statementMap":{"0":{"start":{"line":2,"column":0},"end":{"line":2,"column":39}},"1":{"start":{"line":4,"column":0},"end":{"line":4,"column":28}},"2":{"start":{"line":9,"column":19},"end":{"line":9,"column":22}},"3":{"start":{"line":10,"column":21},"end":{"line":10,"column":25}},"4":{"start":{"line":12,"column":26},"end":{"line":12,"column":42}},"5":{"start":{"line":13,"column":17},"end":{"line":13,"column":40}},"6":{"start":{"line":14,"column":35},"end":{"line":14,"column":78}},"7":{"start":{"line":16,"column":18},"end":{"line":16,"column":20}},"8":{"start":{"line":18,"column":16},"end":{"line":18,"column":23}},"9":{"start":{"line":20,"column":13},"end":{"line":38,"column":null}},"10":{"start":{"line":20,"column":53},"end":{"line":38,"column":null}},"11":{"start":{"line":21,"column":21},"end":{"line":21,"column":43}},"12":{"start":{"line":23,"column":16},"end":{"line":35,"column":3}},"13":{"start":{"line":24,"column":16},"end":{"line":28,"column":94}},"14":{"start":{"line":30,"column":2},"end":{"line":30,"column":53}},"15":{"start":{"line":31,"column":2},"end":{"line":31,"column":62}},"16":{"start":{"line":32,"column":2},"end":{"line":32,"column":28}},"17":{"start":{"line":34,"column":2},"end":{"line":34,"column":15}},"18":{"start":{"line":37,"column":1},"end":{"line":37,"column":21}},"19":{"start":{"line":40,"column":15},"end":{"line":48,"column":1}},"20":{"start":{"line":41,"column":19},"end":{"line":41,"column":65}},"21":{"start":{"line":42,"column":19},"end":{"line":42,"column":65}},"22":{"start":{"line":44,"column":16},"end":{"line":44,"column":86}},"23":{"start":{"line":45,"column":16},"end":{"line":45,"column":46}},"24":{"start":{"line":47,"column":1},"end":{"line":47,"column":null}},"25":{"start":{"line":50,"column":20},"end":{"line":61,"column":1}},"26":{"start":{"line":51,"column":22},"end":{"line":53,"column":6}},"27":{"start":{"line":56,"column":2},"end":{"line":58,"column":18}},"28":{"start":{"line":60,"column":1},"end":{"line":60,"column":20}},"29":{"start":{"line":63,"column":13},"end":{"line":65,"column":1}},"30":{"start":{"line":64,"column":1},"end":{"line":64,"column":94}},"31":{"start":{"line":64,"column":40},"end":{"line":64,"column":88}},"32":{"start":{"line":67,"column":16},"end":{"line":90,"column":1}},"33":{"start":{"line":68,"column":32},"end":{"line":68,"column":34}},"34":{"start":{"line":69,"column":22},"end":{"line":69,"column":27}},"35":{"start":{"line":70,"column":24},"end":{"line":70,"column":68}},"36":{"start":{"line":71,"column":32},"end":{"line":71,"column":50}},"37":{"start":{"line":74,"column":2},"end":{"line":74,"column":32}},"38":{"start":{"line":77,"column":1},"end":{"line":89,"column":null}},"39":{"start":{"line":80,"column":16},"end":{"line":80,"column":102}},"40":{"start":{"line":82,"column":20},"end":{"line":82,"column":31}},"41":{"start":{"line":85,"column":4},"end":{"line":85,"column":68}},"42":{"start":{"line":88,"column":3},"end":{"line":88,"column":59}},"43":{"start":{"line":92,"column":23},"end":{"line":103,"column":null}},"44":{"start":{"line":92,"column":57},"end":{"line":103,"column":null}},"45":{"start":{"line":93,"column":17},"end":{"line":93,"column":40}},"46":{"start":{"line":94,"column":21},"end":{"line":100,"column":5}},"47":{"start":{"line":95,"column":21},"end":{"line":95,"column":31}},"48":{"start":{"line":96,"column":23},"end":{"line":100,"column":4}},"49":{"start":{"line":97,"column":21},"end":{"line":97,"column":58}},"50":{"start":{"line":99,"column":3},"end":{"line":99,"column":47}},"51":{"start":{"line":102,"column":1},"end":{"line":102,"column":20}}},"fnMap":{"0":{"name":"(anonymous_6)","decl":{"start":{"line":20,"column":20},"end":{"line":20,"column":51}},"loc":{"start":{"line":20,"column":53},"end":{"line":38,"column":null}}},"1":{"name":"(anonymous_7)","decl":{"start":{"line":20,"column":53},"end":{"line":20,"column":null}},"loc":{"start":{"line":20,"column":53},"end":{"line":38,"column":1}}},"2":{"name":"(anonymous_8)","decl":{"start":{"line":23,"column":32},"end":{"line":23,"column":33}},"loc":{"start":{"line":23,"column":46},"end":{"line":35,"column":2}}},"3":{"name":"(anonymous_9)","decl":{"start":{"line":40,"column":15},"end":{"line":40,"column":16}},"loc":{"start":{"line":40,"column":45},"end":{"line":48,"column":1}}},"4":{"name":"(anonymous_10)","decl":{"start":{"line":50,"column":20},"end":{"line":50,"column":21}},"loc":{"start":{"line":50,"column":50},"end":{"line":61,"column":1}}},"5":{"name":"(anonymous_11)","decl":{"start":{"line":63,"column":13},"end":{"line":63,"column":14}},"loc":{"start":{"line":63,"column":48},"end":{"line":65,"column":1}}},"6":{"name":"(anonymous_12)","decl":{"start":{"line":64,"column":25},"end":{"line":64,"column":26}},"loc":{"start":{"line":64,"column":40},"end":{"line":64,"column":88}}},"7":{"name":"(anonymous_13)","decl":{"start":{"line":67,"column":16},"end":{"line":67,"column":17}},"loc":{"start":{"line":67,"column":51},"end":{"line":90,"column":1}}},"8":{"name":"(anonymous_14)","decl":{"start":{"line":78,"column":10},"end":{"line":78,"column":11}},"loc":{"start":{"line":78,"column":34},"end":{"line":89,"column":3}}},"9":{"name":"(anonymous_15)","decl":{"start":{"line":92,"column":23},"end":{"line":92,"column":55}},"loc":{"start":{"line":92,"column":57},"end":{"line":103,"column":null}}},"10":{"name":"(anonymous_16)","decl":{"start":{"line":92,"column":57},"end":{"line":92,"column":null}},"loc":{"start":{"line":92,"column":57},"end":{"line":103,"column":1}}},"11":{"name":"(anonymous_17)","decl":{"start":{"line":95,"column":10},"end":{"line":95,"column":11}},"loc":{"start":{"line":95,"column":21},"end":{"line":95,"column":31}}},"12":{"name":"(anonymous_18)","decl":{"start":{"line":96,"column":7},"end":{"line":96,"column":14}},"loc":{"start":{"line":96,"column":23},"end":{"line":100,"column":4}}},"13":{"name":"(anonymous_19)","decl":{"start":{"line":96,"column":23},"end":{"line":96,"column":null}},"loc":{"start":{"line":96,"column":23},"end":{"line":100,"column":3}}}},"branchMap":{"0":{"loc":{"start":{"line":37,"column":8},"end":{"line":37,"column":14}},"type":"binary-expr","locations":[{"start":{"line":37,"column":8},"end":{"line":37,"column":14}},{"start":{"line":37,"column":18},"end":{"line":37,"column":20}}]},"1":{"loc":{"start":{"line":41,"column":20},"end":{"line":41,"column":31}},"type":"binary-expr","locations":[{"start":{"line":41,"column":20},"end":{"line":41,"column":31}},{"start":{"line":41,"column":35},"end":{"line":41,"column":51}},{"start":{"line":41,"column":56},"end":{"line":41,"column":65}}]},"2":{"loc":{"start":{"line":42,"column":20},"end":{"line":42,"column":31}},"type":"binary-expr","locations":[{"start":{"line":42,"column":20},"end":{"line":42,"column":31}},{"start":{"line":42,"column":35},"end":{"line":42,"column":51}},{"start":{"line":42,"column":56},"end":{"line":42,"column":65}}]},"3":{"loc":{"start":{"line":44,"column":63},"end":{"line":44,"column":81}},"type":"cond-expr","locations":[{"start":{"line":44,"column":63},"end":{"line":44,"column":81}},{"start":{"line":44,"column":84},"end":{"line":44,"column":86}}]},"4":{"loc":{"start":{"line":52,"column":2},"end":{"line":52,"column":50}},"type":"cond-expr","locations":[{"start":{"line":52,"column":2},"end":{"line":52,"column":50}},{"start":{"line":53,"column":2},"end":{"line":53,"column":6}}]},"5":{"loc":{"start":{"line":56,"column":11},"end":{"line":56,"column":22}},"type":"binary-expr","locations":[{"start":{"line":56,"column":11},"end":{"line":56,"column":22}},{"start":{"line":56,"column":26},"end":{"line":56,"column":42}}]},"6":{"loc":{"start":{"line":80,"column":60},"end":{"line":80,"column":71}},"type":"cond-expr","locations":[{"start":{"line":80,"column":60},"end":{"line":80,"column":71}},{"start":{"line":80,"column":74},"end":{"line":80,"column":102}}]}},"s":{"0":1,"1":1,"2":1,"3":1,"4":1,"5":1,"6":1,"7":1,"8":1,"9":1,"10":5,"11":5,"12":5,"13":7,"14":7,"15":7,"16":7,"17":7,"18":5,"19":1,"20":7,"21":7,"22":7,"23":7,"24":7,"25":1,"26":7,"27":7,"28":7,"29":1,"30":7,"31":9,"32":1,"33":7,"34":7,"35":7,"36":7,"37":6,"38":1,"39":7,"40":7,"41":0,"42":7,"43":1,"44":5,"45":5,"46":5,"47":7,"48":7,"49":7,"50":7,"51":5},"f":{"0":5,"1":5,"2":7,"3":7,"4":7,"5":7,"6":9,"7":7,"8":7,"9":5,"10":5,"11":7,"12":7,"13":7},"b":{"0":[5,0],"1":[7,7,0],"2":[7,7,0],"3":[4,3],"4":[7,0],"5":[7,7],"6":[7,0]}}
,"D:\\Development\\csgo-discord-bot\\src\\commands\\upcoming\\MockUpcomingData.ts": {"path":"D:\\Development\\csgo-discord-bot\\src\\commands\\upcoming\\MockUpcomingData.ts","statementMap":{"0":{"start":{"line":5,"column":13},"end":{"line":10,"column":null}},"1":{"start":{"line":12,"column":13},"end":{"line":16,"column":null}},"2":{"start":{"line":18,"column":13},"end":{"line":27,"column":null}},"3":{"start":{"line":30,"column":13},"end":{"line":32,"column":null}},"4":{"start":{"line":31,"column":1},"end":{"line":31,"column":54}},"5":{"start":{"line":34,"column":13},"end":{"line":36,"column":null}},"6":{"start":{"line":35,"column":1},"end":{"line":35,"column":50}}},"fnMap":{"0":{"name":"(anonymous_0)","decl":{"start":{"line":30,"column":39},"end":{"line":30,"column":40}},"loc":{"start":{"line":30,"column":91},"end":{"line":32,"column":1}}},"1":{"name":"(anonymous_1)","decl":{"start":{"line":34,"column":35},"end":{"line":34,"column":36}},"loc":{"start":{"line":34,"column":79},"end":{"line":36,"column":1}}}},"branchMap":{},"s":{"0":1,"1":1,"2":1,"3":1,"4":5,"5":1,"6":5},"f":{"0":5,"1":5},"b":{}}
,"D:\\Development\\csgo-discord-bot\\src\\commands\\upcoming\\Upcoming.ts": {"path":"D:\\Development\\csgo-discord-bot\\src\\commands\\upcoming\\Upcoming.ts","statementMap":{"0":{"start":{"line":1,"column":0},"end":{"line":1,"column":28}},"1":{"start":{"line":4,"column":0},"end":{"line":4,"column":51}},"2":{"start":{"line":5,"column":0},"end":{"line":5,"column":39}},"3":{"start":{"line":6,"column":0},"end":{"line":6,"column":28}},"4":{"start":{"line":10,"column":8},"end":{"line":10,"column":31}},"5":{"start":{"line":12,"column":8},"end":{"line":12,"column":38}},"6":{"start":{"line":27,"column":8},"end":{"line":37,"column":null}},"7":{"start":{"line":28,"column":20},"end":{"line":28,"column":66}},"8":{"start":{"line":29,"column":20},"end":{"line":29,"column":66}},"9":{"start":{"line":34,"column":2},"end":{"line":34,"column":null}},"10":{"start":{"line":15,"column":18},"end":{"line":15,"column":36}},"11":{"start":{"line":16,"column":26},"end":{"line":16,"column":64}},"12":{"start":{"line":16,"column":52},"end":{"line":16,"column":63}},"13":{"start":{"line":17,"column":34},"end":{"line":17,"column":128}},"14":{"start":{"line":17,"column":88},"end":{"line":17,"column":127}},"15":{"start":{"line":17,"column":89},"end":{"line":17,"column":127}},"16":{"start":{"line":19,"column":17},"end":{"line":22,"column":35}},"17":{"start":{"line":20,"column":22},"end":{"line":20,"column":69}},"18":{"start":{"line":21,"column":19},"end":{"line":22,"column":34}},"19":{"start":{"line":24,"column":2},"end":{"line":24,"column":22}},"20":{"start":{"line":8,"column":0},"end":{"line":8,"column":13}}},"fnMap":{"0":{"name":"(anonymous_7)","decl":{"start":{"line":8,"column":0},"end":{"line":8,"column":13}},"loc":{"start":{"line":8,"column":0},"end":{"line":38,"column":1}}},"1":{"name":"(anonymous_8)","decl":{"start":{"line":27,"column":17},"end":{"line":27,"column":18}},"loc":{"start":{"line":27,"column":46},"end":{"line":37,"column":2}}},"2":{"name":"(anonymous_11)","decl":{"start":{"line":16,"column":41},"end":{"line":16,"column":42}},"loc":{"start":{"line":16,"column":52},"end":{"line":16,"column":63}}},"3":{"name":"(anonymous_12)","decl":{"start":{"line":17,"column":72},"end":{"line":17,"column":79}},"loc":{"start":{"line":17,"column":88},"end":{"line":17,"column":127}}},"4":{"name":"(anonymous_13)","decl":{"start":{"line":17,"column":88},"end":{"line":17,"column":89}},"loc":{"start":{"line":17,"column":88},"end":{"line":17,"column":127}}},"5":{"name":"(anonymous_14)","decl":{"start":{"line":20,"column":11},"end":{"line":20,"column":12}},"loc":{"start":{"line":20,"column":22},"end":{"line":20,"column":69}}},"6":{"name":"(anonymous_15)","decl":{"start":{"line":21,"column":8},"end":{"line":21,"column":9}},"loc":{"start":{"line":21,"column":19},"end":{"line":22,"column":34}}}},"branchMap":{"0":{"loc":{"start":{"line":28,"column":21},"end":{"line":28,"column":32}},"type":"binary-expr","locations":[{"start":{"line":28,"column":21},"end":{"line":28,"column":32}},{"start":{"line":28,"column":36},"end":{"line":28,"column":52}},{"start":{"line":28,"column":57},"end":{"line":28,"column":66}}]},"1":{"loc":{"start":{"line":29,"column":21},"end":{"line":29,"column":32}},"type":"binary-expr","locations":[{"start":{"line":29,"column":21},"end":{"line":29,"column":32}},{"start":{"line":29,"column":36},"end":{"line":29,"column":52}},{"start":{"line":29,"column":57},"end":{"line":29,"column":66}}]},"2":{"loc":{"start":{"line":24,"column":9},"end":{"line":24,"column":15}},"type":"binary-expr","locations":[{"start":{"line":24,"column":9},"end":{"line":24,"column":15}},{"start":{"line":24,"column":19},"end":{"line":24,"column":21}}]}},"s":{"0":1,"1":1,"2":1,"3":1,"4":1,"5":1,"6":1,"7":3,"8":3,"9":3,"10":2,"11":2,"12":5,"13":2,"14":5,"15":5,"16":2,"17":5,"18":3,"19":2,"20":1},"f":{"0":1,"1":3,"2":5,"3":5,"4":5,"5":5,"6":3},"b":{"0":[3,1,2],"1":[3,1,2],"2":[2,0]}}
,"D:\\Development\\csgo-discord-bot\\src\\fetcher\\fetcher.ts": {"path":"D:\\Development\\csgo-discord-bot\\src\\fetcher\\fetcher.ts","statementMap":{"0":{"start":{"line":2,"column":0},"end":{"line":2,"column":28}},"1":{"start":{"line":6,"column":13},"end":{"line":17,"column":null}},"2":{"start":{"line":6,"column":64},"end":{"line":17,"column":null}},"3":{"start":{"line":7,"column":17},"end":{"line":7,"column":35}},"4":{"start":{"line":8,"column":21},"end":{"line":14,"column":5}},"5":{"start":{"line":9,"column":21},"end":{"line":9,"column":31}},"6":{"start":{"line":10,"column":23},"end":{"line":14,"column":4}},"7":{"start":{"line":11,"column":21},"end":{"line":11,"column":58}},"8":{"start":{"line":13,"column":3},"end":{"line":13,"column":47}},"9":{"start":{"line":16,"column":1},"end":{"line":16,"column":20}},"10":{"start":{"line":19,"column":13},"end":{"line":21,"column":null}},"11":{"start":{"line":19,"column":77},"end":{"line":21,"column":null}},"12":{"start":{"line":20,"column":1},"end":{"line":20,"column":32}}},"fnMap":{"0":{"name":"(anonymous_6)","decl":{"start":{"line":6,"column":30},"end":{"line":6,"column":62}},"loc":{"start":{"line":6,"column":64},"end":{"line":17,"column":null}}},"1":{"name":"(anonymous_7)","decl":{"start":{"line":6,"column":64},"end":{"line":6,"column":null}},"loc":{"start":{"line":6,"column":64},"end":{"line":17,"column":1}}},"2":{"name":"(anonymous_8)","decl":{"start":{"line":9,"column":10},"end":{"line":9,"column":11}},"loc":{"start":{"line":9,"column":21},"end":{"line":9,"column":31}}},"3":{"name":"(anonymous_9)","decl":{"start":{"line":10,"column":7},"end":{"line":10,"column":14}},"loc":{"start":{"line":10,"column":23},"end":{"line":14,"column":4}}},"4":{"name":"(anonymous_10)","decl":{"start":{"line":10,"column":23},"end":{"line":10,"column":null}},"loc":{"start":{"line":10,"column":23},"end":{"line":14,"column":3}}},"5":{"name":"(anonymous_11)","decl":{"start":{"line":19,"column":26},"end":{"line":19,"column":75}},"loc":{"start":{"line":19,"column":77},"end":{"line":21,"column":null}}},"6":{"name":"(anonymous_12)","decl":{"start":{"line":19,"column":77},"end":{"line":19,"column":null}},"loc":{"start":{"line":19,"column":77},"end":{"line":21,"column":1}}}},"branchMap":{},"s":{"0":1,"1":1,"2":0,"3":0,"4":0,"5":0,"6":0,"7":0,"8":0,"9":0,"10":1,"11":2,"12":2},"f":{"0":0,"1":0,"2":0,"3":0,"4":0,"5":2,"6":2},"b":{}}
}
