TN:
SF:D:\Development\csgo-discord-bot\src\commands\live\Live.ts
FN:20,(anonymous_6)
FN:20,(anonymous_7)
FN:23,(anonymous_8)
FN:40,(anonymous_9)
FN:50,(anonymous_10)
FN:63,(anonymous_11)
FN:64,(anonymous_12)
FN:67,(anonymous_13)
FN:78,(anonymous_14)
FN:92,(anonymous_15)
FN:92,(anonymous_16)
FN:95,(anonymous_17)
FN:96,(anonymous_18)
FN:96,(anonymous_19)
FNF:14
FNH:14
FNDA:5,(anonymous_6)
FNDA:5,(anonymous_7)
FNDA:7,(anonymous_8)
FNDA:7,(anonymous_9)
FNDA:7,(anonymous_10)
FNDA:7,(anonymous_11)
FNDA:9,(anonymous_12)
FNDA:7,(anonymous_13)
FNDA:7,(anonymous_14)
FNDA:5,(anonymous_15)
FNDA:5,(anonymous_16)
FNDA:7,(anonymous_17)
FNDA:7,(anonymous_18)
FNDA:7,(anonymous_19)
DA:2,1
DA:4,1
DA:9,1
DA:10,1
DA:12,1
DA:13,1
DA:14,1
DA:16,1
DA:18,1
DA:20,5
DA:21,5
DA:23,5
DA:24,7
DA:30,7
DA:31,7
DA:32,7
DA:34,7
DA:37,5
DA:40,1
DA:41,7
DA:42,7
DA:44,7
DA:45,7
DA:47,7
DA:50,1
DA:51,7
DA:56,7
DA:60,7
DA:63,1
DA:64,9
DA:67,1
DA:68,7
DA:69,7
DA:70,7
DA:71,7
DA:74,6
DA:77,1
DA:80,7
DA:82,7
DA:85,0
DA:88,7
DA:92,5
DA:93,5
DA:94,5
DA:95,7
DA:96,7
DA:97,7
DA:99,7
DA:102,5
LF:49
LH:48
BRDA:37,0,0,5
BRDA:37,0,1,0
BRDA:41,1,0,7
BRDA:41,1,1,7
BRDA:41,1,2,0
BRDA:42,2,0,7
BRDA:42,2,1,7
BRDA:42,2,2,0
BRDA:44,3,0,4
BRDA:44,3,1,3
BRDA:52,4,0,7
BRDA:52,4,1,0
BRDA:56,5,0,7
BRDA:56,5,1,7
BRDA:80,6,0,7
BRDA:80,6,1,0
BRF:16
BRH:11
end_of_record
TN:
SF:D:\Development\csgo-discord-bot\src\commands\upcoming\MockUpcomingData.ts
FN:30,(anonymous_0)
FN:34,(anonymous_1)
FNF:2
FNH:2
FNDA:5,(anonymous_0)
FNDA:5,(anonymous_1)
DA:5,1
DA:12,1
DA:18,1
DA:30,1
DA:31,5
DA:34,1
DA:35,5
LF:7
LH:7
BRF:0
BRH:0
end_of_record
TN:
SF:D:\Development\csgo-discord-bot\src\commands\upcoming\Upcoming.ts
FN:8,(anonymous_7)
FN:27,(anonymous_8)
FN:16,(anonymous_11)
FN:17,(anonymous_12)
FN:17,(anonymous_13)
FN:20,(anonymous_14)
FN:21,(anonymous_15)
FNF:7
FNH:7
FNDA:1,(anonymous_7)
FNDA:3,(anonymous_8)
FNDA:5,(anonymous_11)
FNDA:5,(anonymous_12)
FNDA:5,(anonymous_13)
FNDA:5,(anonymous_14)
FNDA:3,(anonymous_15)
DA:1,1
DA:4,1
DA:5,1
DA:6,1
DA:8,1
DA:10,1
DA:12,1
DA:15,2
DA:16,5
DA:17,5
DA:19,2
DA:20,5
DA:21,3
DA:24,2
DA:27,1
DA:28,3
DA:29,3
DA:34,3
LF:18
LH:18
BRDA:28,0,0,3
BRDA:28,0,1,1
BRDA:28,0,2,2
BRDA:29,1,0,3
BRDA:29,1,1,1
BRDA:29,1,2,2
BRDA:24,2,0,2
BRDA:24,2,1,0
BRF:8
BRH:7
end_of_record
TN:
SF:D:\Development\csgo-discord-bot\src\fetcher\fetcher.ts
FN:6,(anonymous_6)
FN:6,(anonymous_7)
FN:9,(anonymous_8)
FN:10,(anonymous_9)
FN:10,(anonymous_10)
FN:19,(anonymous_11)
FN:19,(anonymous_12)
FNF:7
FNH:2
FNDA:0,(anonymous_6)
FNDA:0,(anonymous_7)
FNDA:0,(anonymous_8)
FNDA:0,(anonymous_9)
FNDA:0,(anonymous_10)
FNDA:2,(anonymous_11)
FNDA:2,(anonymous_12)
DA:2,1
DA:6,1
DA:7,0
DA:8,0
DA:9,0
DA:10,0
DA:11,0
DA:13,0
DA:16,0
DA:19,2
DA:20,2
LF:11
LH:4
BRF:0
BRH:0
end_of_record
