TN:
SF:D:\Development\csgo-discord-bot\__test__\MockUpcomingData.ts
FN:22,(anonymous_0)
FN:26,(anonymous_1)
FNF:2
FNH:2
FNDA:6,(anonymous_0)
FNDA:6,(anonymous_1)
DA:4,1
DA:10,1
DA:22,1
DA:23,6
DA:26,1
DA:27,6
LF:6
LH:6
BRF:0
BRH:0
end_of_record
TN:
SF:D:\Development\csgo-discord-bot\src\commands\live\Live.ts
FN:20,(anonymous_6)
FN:20,(anonymous_7)
FN:23,(anonymous_8)
FN:40,(anonymous_9)
FN:50,(anonymous_10)
FN:63,(anonymous_11)
FN:64,(anonymous_12)
FN:67,(anonymous_13)
FN:84,(anonymous_14)
FN:98,(anonymous_15)
FN:98,(anonymous_16)
FN:101,(anonymous_17)
FN:102,(anonymous_18)
FN:102,(anonymous_19)
FNF:14
FNH:14
FNDA:5,(anonymous_6)
FNDA:5,(anonymous_7)
FNDA:7,(anonymous_8)
FNDA:7,(anonymous_9)
FNDA:7,(anonymous_10)
FNDA:7,(anonymous_11)
FNDA:9,(anonymous_12)
FNDA:7,(anonymous_13)
FNDA:5,(anonymous_14)
FNDA:5,(anonymous_15)
FNDA:5,(anonymous_16)
FNDA:7,(anonymous_17)
FNDA:7,(anonymous_18)
FNDA:7,(anonymous_19)
DA:2,1
DA:4,1
DA:9,1
DA:10,1
DA:12,1
DA:13,1
DA:14,1
DA:16,1
DA:18,1
DA:20,5
DA:21,5
DA:23,5
DA:24,7
DA:30,7
DA:31,7
DA:32,7
DA:34,7
DA:37,5
DA:40,1
DA:41,7
DA:42,7
DA:44,7
DA:45,7
DA:47,7
DA:50,1
DA:51,7
DA:56,7
DA:60,7
DA:63,1
DA:64,9
DA:67,1
DA:68,7
DA:69,7
DA:70,7
DA:71,7
DA:73,7
DA:76,6
DA:80,1
DA:83,1
DA:86,5
DA:88,5
DA:91,0
DA:94,5
DA:98,5
DA:99,5
DA:100,5
DA:101,7
DA:102,7
DA:103,7
DA:105,7
DA:108,5
LF:51
LH:50
BRDA:37,0,0,5
BRDA:37,0,1,0
BRDA:41,1,0,7
BRDA:41,1,1,7
BRDA:41,1,2,0
BRDA:42,2,0,7
BRDA:42,2,1,7
BRDA:42,2,2,0
BRDA:44,3,0,4
BRDA:44,3,1,3
BRDA:52,4,0,7
BRDA:52,4,1,0
BRDA:56,5,0,7
BRDA:56,5,1,7
BRDA:86,6,0,5
BRDA:86,6,1,0
BRF:16
BRH:11
end_of_record
TN:
SF:D:\Development\csgo-discord-bot\src\commands\upcoming\Upcoming.ts
FN:9,(anonymous_7)
FN:44,(anonymous_8)
FN:20,(anonymous_11)
FN:21,(anonymous_12)
FN:28,(anonymous_13)
FN:28,(anonymous_14)
FN:31,(anonymous_15)
FN:51,(anonymous_16)
FNF:8
FNH:8
FNDA:1,(anonymous_7)
FNDA:4,(anonymous_8)
FNDA:6,(anonymous_11)
FNDA:6,(anonymous_12)
FNDA:4,(anonymous_13)
FNDA:4,(anonymous_14)
FNDA:4,(anonymous_15)
FNDA:4,(anonymous_16)
DA:1,1
DA:5,1
DA:6,1
DA:7,1
DA:9,1
DA:11,1
DA:13,1
DA:17,3
DA:19,3
DA:20,6
DA:22,6
DA:23,6
DA:24,6
DA:28,4
DA:30,3
DA:31,4
DA:36,3
DA:39,0
DA:44,1
DA:45,4
DA:46,4
DA:48,4
DA:52,4
DA:53,4
DA:55,4
LF:25
LH:24
BRDA:45,0,0,4
BRDA:45,0,1,1
BRDA:45,0,2,3
BRDA:46,1,0,4
BRDA:46,1,1,1
BRDA:46,1,2,3
BRDA:23,2,0,6
BRDA:23,2,1,6
BRDA:36,3,0,3
BRDA:36,3,1,0
BRF:10
BRH:9
end_of_record
TN:
SF:D:\Development\csgo-discord-bot\src\fetcher\fetcher.ts
FN:6,(anonymous_6)
FN:6,(anonymous_7)
FN:9,(anonymous_8)
FN:10,(anonymous_9)
FN:10,(anonymous_10)
FN:19,(anonymous_11)
FN:19,(anonymous_12)
FNF:7
FNH:2
FNDA:0,(anonymous_6)
FNDA:0,(anonymous_7)
FNDA:0,(anonymous_8)
FNDA:0,(anonymous_9)
FNDA:0,(anonymous_10)
FNDA:3,(anonymous_11)
FNDA:3,(anonymous_12)
DA:2,1
DA:6,1
DA:7,0
DA:8,0
DA:9,0
DA:10,0
DA:11,0
DA:13,0
DA:16,0
DA:19,3
DA:20,3
LF:11
LH:4
BRF:0
BRH:0
end_of_record
